{"/Users/aktanazat/Documents/projects/solace-senior-dev-take-home/task-B/src/crypto.js": {"path":"/Users/aktanazat/Documents/projects/solace-senior-dev-take-home/task-B/src/crypto.js","statementMap":{"0":{"start":{"line":1,"column":22},"end":{"line":1,"column":39}},"1":{"start":{"line":2,"column":15},"end":{"line":2,"column":31}},"2":{"start":{"line":12,"column":2},"end":{"line":14,"column":3}},"3":{"start":{"line":13,"column":4},"end":{"line":13,"column":23}},"4":{"start":{"line":16,"column":2},"end":{"line":24,"column":3}},"5":{"start":{"line":17,"column":4},"end":{"line":17,"column":45}},"6":{"start":{"line":18,"column":9},"end":{"line":24,"column":3}},"7":{"start":{"line":19,"column":4},"end":{"line":19,"column":38}},"8":{"start":{"line":20,"column":9},"end":{"line":24,"column":3}},"9":{"start":{"line":21,"column":4},"end":{"line":21,"column":93}},"10":{"start":{"line":23,"column":4},"end":{"line":23,"column":48}},"11":{"start":{"line":25,"column":2},"end":{"line":27,"column":3}},"12":{"start":{"line":26,"column":4},"end":{"line":26,"column":63}},"13":{"start":{"line":28,"column":2},"end":{"line":34,"column":4}},"14":{"start":{"line":38,"column":2},"end":{"line":38,"column":44}},"15":{"start":{"line":42,"column":2},"end":{"line":42,"column":36}},"16":{"start":{"line":52,"column":14},"end":{"line":52,"column":39}},"17":{"start":{"line":53,"column":13},"end":{"line":53,"column":58}},"18":{"start":{"line":54,"column":21},"end":{"line":54,"column":96}},"19":{"start":{"line":55,"column":20},"end":{"line":55,"column":82}},"20":{"start":{"line":56,"column":22},"end":{"line":56,"column":47}},"21":{"start":{"line":58,"column":19},"end":{"line":58,"column":41}},"22":{"start":{"line":59,"column":18},"end":{"line":59,"column":43}},"23":{"start":{"line":60,"column":2},"end":{"line":64,"column":4}},"24":{"start":{"line":74,"column":34},"end":{"line":74,"column":40}},"25":{"start":{"line":75,"column":14},"end":{"line":75,"column":39}},"26":{"start":{"line":76,"column":18},"end":{"line":76,"column":32}},"27":{"start":{"line":77,"column":18},"end":{"line":77,"column":40}},"28":{"start":{"line":78,"column":19},"end":{"line":78,"column":34}},"29":{"start":{"line":79,"column":19},"end":{"line":79,"column":53}},"30":{"start":{"line":80,"column":19},"end":{"line":80,"column":88}},"31":{"start":{"line":81,"column":2},"end":{"line":81,"column":48}},"32":{"start":{"line":84,"column":0},"end":{"line":84,"column":46}}},"fnMap":{"0":{"name":"getKey","decl":{"start":{"line":11,"column":15},"end":{"line":11,"column":21}},"loc":{"start":{"line":11,"column":35},"end":{"line":35,"column":1}},"line":11},"1":{"name":"toBase64","decl":{"start":{"line":37,"column":9},"end":{"line":37,"column":17}},"loc":{"start":{"line":37,"column":22},"end":{"line":39,"column":1}},"line":37},"2":{"name":"fromBase64","decl":{"start":{"line":41,"column":9},"end":{"line":41,"column":19}},"loc":{"start":{"line":41,"column":25},"end":{"line":43,"column":1}},"line":41},"3":{"name":"encryptBlob","decl":{"start":{"line":51,"column":15},"end":{"line":51,"column":26}},"loc":{"start":{"line":51,"column":46},"end":{"line":65,"column":1}},"line":51},"4":{"name":"decryptBlob","decl":{"start":{"line":73,"column":15},"end":{"line":73,"column":26}},"loc":{"start":{"line":73,"column":48},"end":{"line":82,"column":1}},"line":73}},"branchMap":{"0":{"loc":{"start":{"line":12,"column":2},"end":{"line":14,"column":3}},"type":"if","locations":[{"start":{"line":12,"column":2},"end":{"line":14,"column":3}},{"start":{},"end":{}}],"line":12},"1":{"loc":{"start":{"line":12,"column":6},"end":{"line":12,"column":96}},"type":"binary-expr","locations":[{"start":{"line":12,"column":6},"end":{"line":12,"column":49}},{"start":{"line":12,"column":53},"end":{"line":12,"column":96}}],"line":12},"2":{"loc":{"start":{"line":16,"column":2},"end":{"line":24,"column":3}},"type":"if","locations":[{"start":{"line":16,"column":2},"end":{"line":24,"column":3}},{"start":{"line":18,"column":9},"end":{"line":24,"column":3}}],"line":16},"3":{"loc":{"start":{"line":18,"column":9},"end":{"line":24,"column":3}},"type":"if","locations":[{"start":{"line":18,"column":9},"end":{"line":24,"column":3}},{"start":{"line":20,"column":9},"end":{"line":24,"column":3}}],"line":18},"4":{"loc":{"start":{"line":20,"column":9},"end":{"line":24,"column":3}},"type":"if","locations":[{"start":{"line":20,"column":9},"end":{"line":24,"column":3}},{"start":{"line":22,"column":9},"end":{"line":24,"column":3}}],"line":20},"5":{"loc":{"start":{"line":25,"column":2},"end":{"line":27,"column":3}},"type":"if","locations":[{"start":{"line":25,"column":2},"end":{"line":27,"column":3}},{"start":{},"end":{}}],"line":25},"6":{"loc":{"start":{"line":54,"column":21},"end":{"line":54,"column":96}},"type":"cond-expr","locations":[{"start":{"line":54,"column":48},"end":{"line":54,"column":73}},{"start":{"line":54,"column":76},"end":{"line":54,"column":96}}],"line":54}},"s":{"0":1,"1":1,"2":2,"3":0,"4":2,"5":0,"6":2,"7":0,"8":2,"9":2,"10":0,"11":2,"12":0,"13":2,"14":3,"15":3,"16":1,"17":1,"18":1,"19":1,"20":1,"21":1,"22":1,"23":1,"24":1,"25":1,"26":1,"27":1,"28":1,"29":1,"30":1,"31":1,"32":1},"f":{"0":2,"1":3,"2":3,"3":1,"4":1},"b":{"0":[0,2],"1":[2,2],"2":[0,2],"3":[0,2],"4":[2,0],"5":[0,2],"6":[1,0]},"_coverageSchema":"1a1c01bbd47fc00a2c39e90264f33305004495a9","hash":"032497e58a1b1f09fd4bb046afeeade1912687da"}
,"/Users/aktanazat/Documents/projects/solace-senior-dev-take-home/task-B/src/http.js": {"path":"/Users/aktanazat/Documents/projects/solace-senior-dev-take-home/task-B/src/http.js","statementMap":{"0":{"start":{"line":1,"column":14},"end":{"line":1,"column":36}},"1":{"start":{"line":2,"column":37},"end":{"line":2,"column":56}},"2":{"start":{"line":15,"column":15},"end":{"line":22,"column":4}},"3":{"start":{"line":24,"column":2},"end":{"line":27,"column":3}},"4":{"start":{"line":25,"column":17},"end":{"line":25,"column":34}},"5":{"start":{"line":26,"column":4},"end":{"line":26,"column":61}},"6":{"start":{"line":29,"column":15},"end":{"line":29,"column":32}},"7":{"start":{"line":30,"column":2},"end":{"line":32,"column":3}},"8":{"start":{"line":31,"column":4},"end":{"line":31,"column":59}},"9":{"start":{"line":33,"column":2},"end":{"line":33,"column":22}},"10":{"start":{"line":45,"column":15},"end":{"line":45,"column":70}},"11":{"start":{"line":46,"column":2},"end":{"line":48,"column":3}},"12":{"start":{"line":47,"column":4},"end":{"line":47,"column":55}},"13":{"start":{"line":49,"column":17},"end":{"line":49,"column":34}},"14":{"start":{"line":50,"column":2},"end":{"line":50,"column":34}},"15":{"start":{"line":53,"column":0},"end":{"line":53,"column":52}}},"fnMap":{"0":{"name":"uploadBlob","decl":{"start":{"line":14,"column":15},"end":{"line":14,"column":25}},"loc":{"start":{"line":14,"column":47},"end":{"line":34,"column":1}},"line":14},"1":{"name":"downloadAndDecrypt","decl":{"start":{"line":44,"column":15},"end":{"line":44,"column":33}},"loc":{"start":{"line":44,"column":56},"end":{"line":51,"column":1}},"line":44}},"branchMap":{"0":{"loc":{"start":{"line":19,"column":10},"end":{"line":19,"column":55}},"type":"binary-expr","locations":[{"start":{"line":19,"column":10},"end":{"line":19,"column":15}},{"start":{"line":19,"column":19},"end":{"line":19,"column":55}}],"line":19},"1":{"loc":{"start":{"line":24,"column":2},"end":{"line":27,"column":3}},"type":"if","locations":[{"start":{"line":24,"column":2},"end":{"line":27,"column":3}},{"start":{},"end":{}}],"line":24},"2":{"loc":{"start":{"line":30,"column":2},"end":{"line":32,"column":3}},"type":"if","locations":[{"start":{"line":30,"column":2},"end":{"line":32,"column":3}},{"start":{},"end":{}}],"line":30},"3":{"loc":{"start":{"line":46,"column":2},"end":{"line":48,"column":3}},"type":"if","locations":[{"start":{"line":46,"column":2},"end":{"line":48,"column":3}},{"start":{},"end":{}}],"line":46}},"s":{"0":2,"1":2,"2":1,"3":1,"4":0,"5":0,"6":1,"7":1,"8":0,"9":1,"10":1,"11":1,"12":0,"13":1,"14":1,"15":2},"f":{"0":1,"1":1},"b":{"0":[1,0],"1":[0,1],"2":[0,1],"3":[0,1]},"_coverageSchema":"1a1c01bbd47fc00a2c39e90264f33305004495a9","hash":"93b0981948c89a68a982796c9c730e44700e31a9"}
,"/Users/aktanazat/Documents/projects/solace-senior-dev-take-home/task-B/src/index.js": {"path":"/Users/aktanazat/Documents/projects/solace-senior-dev-take-home/task-B/src/index.js","statementMap":{"0":{"start":{"line":4,"column":37},"end":{"line":4,"column":56}},"1":{"start":{"line":5,"column":33},"end":{"line":5,"column":55}},"2":{"start":{"line":6,"column":43},"end":{"line":6,"column":60}},"3":{"start":{"line":8,"column":0},"end":{"line":14,"column":2}}},"fnMap":{},"branchMap":{},"s":{"0":1,"1":1,"2":1,"3":1},"f":{},"b":{},"_coverageSchema":"1a1c01bbd47fc00a2c39e90264f33305004495a9","hash":"fad750c7b15c48e7b3bb01adebdb8339fcae7e22"}
,"/Users/aktanazat/Documents/projects/solace-senior-dev-take-home/task-B/src/vad.js": {"path":"/Users/aktanazat/Documents/projects/solace-senior-dev-take-home/task-B/src/vad.js","statementMap":{"0":{"start":{"line":9,"column":15},"end":{"line":9,"column":44}},"1":{"start":{"line":10,"column":18},"end":{"line":10,"column":38}},"2":{"start":{"line":12,"column":20},"end":{"line":12,"column":26}},"3":{"start":{"line":13,"column":26},"end":{"line":13,"column":28}},"4":{"start":{"line":14,"column":25},"end":{"line":14,"column":69}},"5":{"start":{"line":30,"column":14},"end":{"line":30,"column":30}},"6":{"start":{"line":32,"column":14},"end":{"line":37,"column":4}},"7":{"start":{"line":39,"column":15},"end":{"line":39,"column":30}},"8":{"start":{"line":41,"column":2},"end":{"line":53,"column":3}},"9":{"start":{"line":42,"column":4},"end":{"line":42,"column":44}},"10":{"start":{"line":45,"column":4},"end":{"line":52,"column":5}},"11":{"start":{"line":46,"column":20},"end":{"line":46,"column":53}},"12":{"start":{"line":47,"column":6},"end":{"line":47,"column":46}},"13":{"start":{"line":49,"column":6},"end":{"line":51,"column":7}},"14":{"start":{"line":50,"column":8},"end":{"line":50,"column":61}},"15":{"start":{"line":56,"column":0},"end":{"line":56,"column":42}}},"fnMap":{"0":{"name":"recordAndDetectVoice","decl":{"start":{"line":29,"column":16},"end":{"line":29,"column":36}},"loc":{"start":{"line":29,"column":39},"end":{"line":54,"column":1}},"line":29}},"branchMap":{"0":{"loc":{"start":{"line":49,"column":6},"end":{"line":51,"column":7}},"type":"if","locations":[{"start":{"line":49,"column":6},"end":{"line":51,"column":7}},{"start":{},"end":{}}],"line":49}},"s":{"0":1,"1":1,"2":1,"3":1,"4":1,"5":0,"6":0,"7":0,"8":0,"9":0,"10":0,"11":0,"12":0,"13":0,"14":0,"15":1},"f":{"0":0},"b":{"0":[0,0]},"_coverageSchema":"1a1c01bbd47fc00a2c39e90264f33305004495a9","hash":"04c9d38c87587fac5af711ba253f762abf75fb1b"}
,"/Users/aktanazat/Documents/projects/solace-senior-dev-take-home/task-B/src/vad/index.js": {"path":"/Users/aktanazat/Documents/projects/solace-senior-dev-take-home/task-B/src/vad/index.js","statementMap":{"0":{"start":{"line":4,"column":0},"end":{"line":10,"column":1}},"1":{"start":{"line":6,"column":2},"end":{"line":6,"column":56}},"2":{"start":{"line":9,"column":2},"end":{"line":9,"column":49}},"3":{"start":{"line":12,"column":0},"end":{"line":12,"column":42}}},"fnMap":{},"branchMap":{"0":{"loc":{"start":{"line":4,"column":0},"end":{"line":10,"column":1}},"type":"if","locations":[{"start":{"line":4,"column":0},"end":{"line":10,"column":1}},{"start":{"line":7,"column":7},"end":{"line":10,"column":1}}],"line":4},"1":{"loc":{"start":{"line":4,"column":4},"end":{"line":4,"column":69}},"type":"binary-expr","locations":[{"start":{"line":4,"column":4},"end":{"line":4,"column":33}},{"start":{"line":4,"column":37},"end":{"line":4,"column":69}}],"line":4}},"s":{"0":1,"1":0,"2":1,"3":1},"f":{},"b":{"0":[0,1],"1":[1,0]},"_coverageSchema":"1a1c01bbd47fc00a2c39e90264f33305004495a9","hash":"378840cd7a57e3706c5c9ad2b4fdd711741ecb60"}
}
