TN:
SF:src/crypto.js
FN:11,getKey
FN:37,toBase64
FN:41,fromBase64
FN:51,encryptBlob
FN:73,decryptBlob
FNF:5
FNH:5
FNDA:2,getKey
FNDA:3,toBase64
FNDA:3,fromBase64
FNDA:1,encryptBlob
FNDA:1,decryptBlob
DA:1,1
DA:2,1
DA:12,2
DA:13,0
DA:16,2
DA:17,0
DA:18,2
DA:19,0
DA:20,2
DA:21,2
DA:23,0
DA:25,2
DA:26,0
DA:28,2
DA:38,3
DA:42,3
DA:52,1
DA:53,1
DA:54,1
DA:55,1
DA:56,1
DA:58,1
DA:59,1
DA:60,1
DA:74,1
DA:75,1
DA:76,1
DA:77,1
DA:78,1
DA:79,1
DA:80,1
DA:81,1
DA:84,1
LF:33
LH:28
BRDA:12,0,0,0
BRDA:12,0,1,2
BRDA:12,1,0,2
BRDA:12,1,1,2
BRDA:16,2,0,0
BRDA:16,2,1,2
BRDA:18,3,0,0
BRDA:18,3,1,2
BRDA:20,4,0,2
BRDA:20,4,1,0
BRDA:25,5,0,0
BRDA:25,5,1,2
BRDA:54,6,0,1
BRDA:54,6,1,0
BRF:14
BRH:8
end_of_record
TN:
SF:src/http.js
FN:14,uploadBlob
FN:44,downloadAndDecrypt
FNF:2
FNH:2
FNDA:1,uploadBlob
FNDA:1,downloadAndDecrypt
DA:1,2
DA:2,2
DA:15,1
DA:24,1
DA:25,0
DA:26,0
DA:29,1
DA:30,1
DA:31,0
DA:33,1
DA:45,1
DA:46,1
DA:47,0
DA:49,1
DA:50,1
DA:53,2
LF:16
LH:12
BRDA:19,0,0,1
BRDA:19,0,1,0
BRDA:24,1,0,0
BRDA:24,1,1,1
BRDA:30,2,0,0
BRDA:30,2,1,1
BRDA:46,3,0,0
BRDA:46,3,1,1
BRF:8
BRH:4
end_of_record
TN:
SF:src/index.js
FNF:0
FNH:0
DA:4,1
DA:5,1
DA:6,1
DA:8,1
LF:4
LH:4
BRF:0
BRH:0
end_of_record
TN:
SF:src/vad.js
FN:29,recordAndDetectVoice
FNF:1
FNH:0
FNDA:0,recordAndDetectVoice
DA:9,1
DA:10,1
DA:12,1
DA:13,1
DA:14,1
DA:30,0
DA:32,0
DA:39,0
DA:41,0
DA:42,0
DA:45,0
DA:46,0
DA:47,0
DA:49,0
DA:50,0
DA:56,1
LF:16
LH:6
BRDA:49,0,0,0
BRDA:49,0,1,0
BRF:2
BRH:0
end_of_record
TN:
SF:src/vad/index.js
FNF:0
FNH:0
DA:4,1
DA:6,0
DA:9,1
DA:12,1
LF:4
LH:3
BRDA:4,0,0,0
BRDA:4,0,1,1
BRDA:4,1,0,1
BRDA:4,1,1,0
BRF:4
BRH:2
end_of_record
